I, [2016-08-13T18:14:33.578181 #70748]  INFO -- : Net::HTTP::Get: /flight/retrieveCheckinDoc.html?int=HOME-BOOKING-WIDGET-AIR-CHECKIN
D, [2016-08-13T18:14:33.578562 #70748] DEBUG -- : request-header: accept-encoding => gzip,deflate,identity
D, [2016-08-13T18:14:33.578660 #70748] DEBUG -- : request-header: accept => */*
D, [2016-08-13T18:14:33.578741 #70748] DEBUG -- : request-header: user-agent => Mozilla/5.0 (Macintosh; U; PPC Mac OS X Mach-O; en-US; rv:1.4a) Gecko/20030401
D, [2016-08-13T18:14:33.578829 #70748] DEBUG -- : request-header: accept-charset => ISO-8859-1,utf-8;q=0.7,*;q=0.7
D, [2016-08-13T18:14:33.578912 #70748] DEBUG -- : request-header: accept-language => en-us,en;q=0.5
D, [2016-08-13T18:14:33.578998 #70748] DEBUG -- : request-header: host => www.southwest.com
I, [2016-08-13T18:14:34.637835 #70748]  INFO -- : status: Net::HTTPOK 1.1 200 OK
D, [2016-08-13T18:14:34.638054 #70748] DEBUG -- : response-header: server => Apache-Coyote/1.1
D, [2016-08-13T18:14:34.638163 #70748] DEBUG -- : response-header: expires => -1
D, [2016-08-13T18:14:34.638264 #70748] DEBUG -- : response-header: cache-control => no-store, no-cache, must-revalidate
D, [2016-08-13T18:14:34.638361 #70748] DEBUG -- : response-header: pragma => no-cache
D, [2016-08-13T18:14:34.638454 #70748] DEBUG -- : response-header: content-type => text/html;charset=utf-8
D, [2016-08-13T18:14:34.638564 #70748] DEBUG -- : response-header: content-language => en-US
D, [2016-08-13T18:14:34.638659 #70748] DEBUG -- : response-header: vary => Accept-Encoding
D, [2016-08-13T18:14:34.638751 #70748] DEBUG -- : response-header: content-encoding => gzip
D, [2016-08-13T18:14:34.638854 #70748] DEBUG -- : response-header: x-swa-ws => BHNLU
D, [2016-08-13T18:14:34.638950 #70748] DEBUG -- : response-header: content-length => 13871
D, [2016-08-13T18:14:34.639052 #70748] DEBUG -- : response-header: x-frame-options => SAMEORIGIN
D, [2016-08-13T18:14:34.639149 #70748] DEBUG -- : response-header: x-xss-protection => 1
D, [2016-08-13T18:14:34.639240 #70748] DEBUG -- : response-header: date => Sun, 14 Aug 2016 00:14:34 GMT
D, [2016-08-13T18:14:34.639344 #70748] DEBUG -- : response-header: connection => keep-alive
D, [2016-08-13T18:14:34.639452 #70748] DEBUG -- : response-header: set-cookie => JSESSIONID=0580A7BB253CBE3FEE27B45F36270EFD; Path=/flight/; Secure; HttpOnly, SwaSessionCookie=A42CC120A14445CE826008632B6F7076; path=/; domain=.southwest.com; HttpOnly; Secure;, SwaRegionCookie=sdc; path=/; domain=.southwest.com; HttpOnly; Secure;, AccountBarCookie=136047110112112124130123129091110122114047071123130121121057047112121110128128047071047112124122059128132110112124127125059112124122122124123059078112112124130123129079110127080124124120118114099110121130114128047057047114133125118127114128047071123130121121057047121110128129078112129118131118129134047071123130121121057047121124116118123082127127124127047071123130121121057047121124116118123082127127124127080124113114047071123130121121057047121124134110121129134047071115110121128114057047127127078112112124130123129091130122111114127047071123130121121057047129118114127047071123130121121057047133113118116114128129047071123130121121057047133118125110113113127047071047068064059070066059062064063059062066068057045070067059062068059062062062059062070068057045067070059064062059066070059068062057045062068063059063070059062061063059067068047057047133129118122114124130129047071047061069060062065060063061063067045061061071062065071064065047138; Domain=www.southwest.com; Expires=Fri, 14-Aug-2026 10:22:14 GMT; Path=/, s_wr=9dcdb779-2a9e-447a-91f1-896bbca76b6a;domain=www.southwest.com;expires=2016-08-14T00:44:34.386Z;max-age=1800;path=/;secure;HttpOnly;, akavpau_prod_fullsite=1471133674~id=5b42f492410f51a968754097b976e98f; path=/
D, [2016-08-13T18:14:34.639904 #70748] DEBUG -- : Read 13871 bytes (13871 total)
D, [2016-08-13T18:14:34.640277 #70748] DEBUG -- : gzip response
D, [2016-08-13T18:14:34.650126 #70748] DEBUG -- : saved cookie: JSESSIONID=0580A7BB253CBE3FEE27B45F36270EFD
D, [2016-08-13T18:14:34.650582 #70748] DEBUG -- : saved cookie: SwaSessionCookie=A42CC120A14445CE826008632B6F7076
D, [2016-08-13T18:14:34.651232 #70748] DEBUG -- : saved cookie: SwaRegionCookie=sdc
D, [2016-08-13T18:14:34.652838 #70748] DEBUG -- : saved cookie: AccountBarCookie=136047110112112124130123129091110122114047071123130121121057047112121110128128047071047112124122059128132110112124127125059112124122122124123059078112112124130123129079110127080124124120118114099110121130114128047057047114133125118127114128047071123130121121057047121110128129078112129118131118129134047071123130121121057047121124116118123082127127124127047071123130121121057047121124116118123082127127124127080124113114047071123130121121057047121124134110121129134047071115110121128114057047127127078112112124130123129091130122111114127047071123130121121057047129118114127047071123130121121057047133113118116114128129047071123130121121057047133118125110113113127047071047068064059070066059062064063059062066068057045070067059062068059062062062059062070068057045067070059064062059066070059068062057045062068063059063070059062061063059067068047057047133129118122114124130129047071047061069060062065060063061063067045061061071062065071064065047138
D, [2016-08-13T18:14:34.653587 #70748] DEBUG -- : saved cookie: s_wr=9dcdb779-2a9e-447a-91f1-896bbca76b6a
D, [2016-08-13T18:14:34.653939 #70748] DEBUG -- : saved cookie: akavpau_prod_fullsite=1471133674~id=5b42f492410f51a968754097b976e98f
I, [2016-08-13T18:14:34.670749 #70748]  INFO -- : form encoding: utf-8
D, [2016-08-13T18:14:34.671394 #70748] DEBUG -- : query: "confirmationNumber=9ABY8I&firstName=Piper&lastName=Hewitt"
I, [2016-08-13T18:14:34.674551 #70748]  INFO -- : Net::HTTP::Post: /flight/retrieveCheckinDoc.html
D, [2016-08-13T18:14:34.674688 #70748] DEBUG -- : request-header: accept-encoding => gzip,deflate,identity
D, [2016-08-13T18:14:34.674809 #70748] DEBUG -- : request-header: accept => */*
D, [2016-08-13T18:14:34.674911 #70748] DEBUG -- : request-header: user-agent => Mozilla/5.0 (Macintosh; U; PPC Mac OS X Mach-O; en-US; rv:1.4a) Gecko/20030401
D, [2016-08-13T18:14:34.675005 #70748] DEBUG -- : request-header: accept-charset => ISO-8859-1,utf-8;q=0.7,*;q=0.7
D, [2016-08-13T18:14:34.675114 #70748] DEBUG -- : request-header: accept-language => en-us,en;q=0.5
D, [2016-08-13T18:14:34.675217 #70748] DEBUG -- : request-header: cookie => AccountBarCookie=136047110112112124130123129091110122114047071123130121121057047112121110128128047071047112124122059128132110112124127125059112124122122124123059078112112124130123129079110127080124124120118114099110121130114128047057047114133125118127114128047071123130121121057047121110128129078112129118131118129134047071123130121121057047121124116118123082127127124127047071123130121121057047121124116118123082127127124127080124113114047071123130121121057047121124134110121129134047071115110121128114057047127127078112112124130123129091130122111114127047071123130121121057047129118114127047071123130121121057047133113118116114128129047071123130121121057047133118125110113113127047071047068064059070066059062064063059062066068057045070067059062068059062062062059062070068057045067070059064062059066070059068062057045062068063059063070059062061063059067068047057047133129118122114124130129047071047061069060062065060063061063067045061061071062065071064065047138; JSESSIONID=0580A7BB253CBE3FEE27B45F36270EFD; SwaRegionCookie=sdc; SwaSessionCookie=A42CC120A14445CE826008632B6F7076; akavpau_prod_fullsite=1471133674~id=5b42f492410f51a968754097b976e98f; s_wr=9dcdb779-2a9e-447a-91f1-896bbca76b6a
D, [2016-08-13T18:14:34.675311 #70748] DEBUG -- : request-header: host => www.southwest.com
D, [2016-08-13T18:14:34.675438 #70748] DEBUG -- : request-header: referer => https://www.southwest.com/flight/retrieveCheckinDoc.html?int=HOME-BOOKING-WIDGET-AIR-CHECKIN
D, [2016-08-13T18:14:34.675521 #70748] DEBUG -- : request-header: content-type => application/x-www-form-urlencoded
D, [2016-08-13T18:14:34.675597 #70748] DEBUG -- : request-header: content-length => 57
I, [2016-08-13T18:14:35.302676 #70748]  INFO -- : status: Net::HTTPOK 1.1 200 OK
D, [2016-08-13T18:14:35.302945 #70748] DEBUG -- : response-header: server => Apache-Coyote/1.1
D, [2016-08-13T18:14:35.303118 #70748] DEBUG -- : response-header: content-type => text/html;charset=utf-8
D, [2016-08-13T18:14:35.303259 #70748] DEBUG -- : response-header: content-language => en-US
D, [2016-08-13T18:14:35.303420 #70748] DEBUG -- : response-header: vary => Accept-Encoding
D, [2016-08-13T18:14:35.303557 #70748] DEBUG -- : response-header: content-encoding => gzip
D, [2016-08-13T18:14:35.303695 #70748] DEBUG -- : response-header: x-swa-ws => Becom2569s61
D, [2016-08-13T18:14:35.303840 #70748] DEBUG -- : response-header: content-length => 14226
D, [2016-08-13T18:14:35.303978 #70748] DEBUG -- : response-header: x-frame-options => SAMEORIGIN
D, [2016-08-13T18:14:35.304107 #70748] DEBUG -- : response-header: x-xss-protection => 1
D, [2016-08-13T18:14:35.304236 #70748] DEBUG -- : response-header: date => Sun, 14 Aug 2016 00:14:35 GMT
D, [2016-08-13T18:14:35.304381 #70748] DEBUG -- : response-header: connection => keep-alive
D, [2016-08-13T18:14:35.304526 #70748] DEBUG -- : response-header: set-cookie => JSESSIONID=A686226EC606A4C4470D640FF03B3794; Path=/flight/; Secure; HttpOnly, SwaSessionCookie=A42CC120A14445CE826008632B6F7076; path=/; domain=.southwest.com; HttpOnly; Secure;, SwaRegionCookie=sdc; path=/; domain=.southwest.com; HttpOnly; Secure;, s_wr=e00480e1-91ec-4e3b-b5ee-fc07f59c2d97;domain=www.southwest.com;expires=2016-08-14T00:44:35.244Z;max-age=1800;path=/;secure;HttpOnly;, akavpau_prod_fullsite=1471133675~id=5d522312505bf102c0b862cf5c36a20c; path=/
D, [2016-08-13T18:14:35.304759 #70748] DEBUG -- : Read 715 bytes (715 total)
D, [2016-08-13T18:14:35.319905 #70748] DEBUG -- : Read 1448 bytes (2163 total)
D, [2016-08-13T18:14:35.341996 #70748] DEBUG -- : Read 12063 bytes (14226 total)
D, [2016-08-13T18:14:35.342752 #70748] DEBUG -- : gzip response
D, [2016-08-13T18:14:35.350755 #70748] DEBUG -- : saved cookie: JSESSIONID=A686226EC606A4C4470D640FF03B3794
D, [2016-08-13T18:14:35.351626 #70748] DEBUG -- : saved cookie: SwaSessionCookie=A42CC120A14445CE826008632B6F7076
D, [2016-08-13T18:14:35.352178 #70748] DEBUG -- : saved cookie: SwaRegionCookie=sdc
D, [2016-08-13T18:14:35.352786 #70748] DEBUG -- : saved cookie: s_wr=e00480e1-91ec-4e3b-b5ee-fc07f59c2d97
D, [2016-08-13T18:14:35.353150 #70748] DEBUG -- : saved cookie: akavpau_prod_fullsite=1471133675~id=5d522312505bf102c0b862cf5c36a20c
I, [2016-08-13T18:14:39.371100 #70748]  INFO -- : form encoding: utf-8
D, [2016-08-13T18:14:39.371501 #70748] DEBUG -- : query: "confirmationNumber=9ABY8I&firstName=Piper&lastName=Hewitt"
I, [2016-08-13T18:14:39.375160 #70748]  INFO -- : Net::HTTP::Post: /flight/retrieveCheckinDoc.html
D, [2016-08-13T18:14:39.375338 #70748] DEBUG -- : request-header: accept-encoding => gzip,deflate,identity
D, [2016-08-13T18:14:39.375479 #70748] DEBUG -- : request-header: accept => */*
D, [2016-08-13T18:14:39.375634 #70748] DEBUG -- : request-header: user-agent => Mozilla/5.0 (Macintosh; U; PPC Mac OS X Mach-O; en-US; rv:1.4a) Gecko/20030401
D, [2016-08-13T18:14:39.375790 #70748] DEBUG -- : request-header: accept-charset => ISO-8859-1,utf-8;q=0.7,*;q=0.7
D, [2016-08-13T18:14:39.375907 #70748] DEBUG -- : request-header: accept-language => en-us,en;q=0.5
D, [2016-08-13T18:14:39.376032 #70748] DEBUG -- : request-header: cookie => AccountBarCookie=136047110112112124130123129091110122114047071123130121121057047112121110128128047071047112124122059128132110112124127125059112124122122124123059078112112124130123129079110127080124124120118114099110121130114128047057047114133125118127114128047071123130121121057047121110128129078112129118131118129134047071123130121121057047121124116118123082127127124127047071123130121121057047121124116118123082127127124127080124113114047071123130121121057047121124134110121129134047071115110121128114057047127127078112112124130123129091130122111114127047071123130121121057047129118114127047071123130121121057047133113118116114128129047071123130121121057047133118125110113113127047071047068064059070066059062064063059062066068057045070067059062068059062062062059062070068057045067070059064062059066070059068062057045062068063059063070059062061063059067068047057047133129118122114124130129047071047061069060062065060063061063067045061061071062065071064065047138; JSESSIONID=A686226EC606A4C4470D640FF03B3794; SwaRegionCookie=sdc; SwaSessionCookie=A42CC120A14445CE826008632B6F7076; akavpau_prod_fullsite=1471133675~id=5d522312505bf102c0b862cf5c36a20c; s_wr=e00480e1-91ec-4e3b-b5ee-fc07f59c2d97
D, [2016-08-13T18:14:39.376178 #70748] DEBUG -- : request-header: host => www.southwest.com
D, [2016-08-13T18:14:39.376296 #70748] DEBUG -- : request-header: referer => https://www.southwest.com/flight/retrieveCheckinDoc.html
D, [2016-08-13T18:14:39.376413 #70748] DEBUG -- : request-header: content-type => application/x-www-form-urlencoded
D, [2016-08-13T18:14:39.376520 #70748] DEBUG -- : request-header: content-length => 57
